[30-Jun-97 05:24:01] Ilona v2.0 opened.
[30-Jun-97 05:24:01] Looking for irc.pi.net...
[30-Jun-97 05:24:01] Attempting connection to irc.pi.net (port 7000)
[30-Jun-97 05:24:02] Connected - Sending handshake.
[30-Jun-97 05:24:04] grab_server_line called...
[30-Jun-97 05:24:14] grab_server_line called...
[30-Jun-97 05:24:14] Error: Unable to read from socket. Assuming server has died.
[30-Jun-97 05:24:14] Error: Unable to read from socket. Assuming server has died.
[30-Jun-97 05:24:14] Error: Unable to read from socket. Assuming server has died.
[30-Jun-97 05:24:14] Error: Unable to read from socket. Assuming server has died.
[30-Jun-97 05:24:14] Error: Unable to read from socket. Assuming server has died.
[30-Jun-97 05:24:14] Error: Unable to read from socket. Assuming server has died.
[30-Jun-97 05:24:14] Error: Unable to read from socket. Assuming server has died.
[30-Jun-97 05:24:14] Error: Unable to read from socket. Assuming server has died.
[30-Jun-97 05:24:15] Error: Unable to read from socket. Assuming server has died.
[30-Jun-97 05:24:15] Error: Unable to read from socket. Assuming server has died.
[30-Jun-97 05:24:15] Error: Unable to read from socket. Assuming server has died.
[30-Jun-97 05:24:15] Error: Unable to read from socket. Assuming server has died.
[30-Jun-97 05:24:15] Error: Unable to read from socket. Assuming server has died.
[30-Jun-97 05:24:15] Error: Unable to read from socket. Assuming server has died.
[30-Jun-97 05:24:15] Error: Unable to read from socket. Assuming server has died.
[30-Jun-97 05:24:15] Error: Unable to read from socket. Assuming server has died.
[30-Jun-97 05:24:15] Error: Unable to read from socket. Assuming server has died.
[30-Jun-97 05:24:15] Error: Unable to read from socket. Assuming server has died.
[30-Jun-97 05:24:15] Error: Unable to read from socket. Assuming server has died.
[30-Jun-97 05:24:15] Error: Unable to read from socket. Assuming server has died.
[30-Jun-97 05:24:15] Error: Unable to read from socket. Assuming server has died.
[30-Jun-97 05:24:15] Error: Unable to read from socket. Assuming server has died.
[30-Jun-97 05:24:15] Error: Unable to read from socket. Assuming server has died.
[30-Jun-97 05:24:15] Error: Unable to read from socket. Assuming server has died.
[30-Jun-97 05:24:15] Error: Unable to read from socket. Assuming server has died.
[30-Jun-97 05:24:15] Error: Unable to read from socket. Assuming server has died.
[30-Jun-97 05:24:15] Error: Unable to read from socket. Assuming server has died.
[30-Jun-97 05:24:15] Error: Unable to read from socket. Assuming server has died.
[30-Jun-97 05:24:15] Error: Unable to read from socket. Assuming server has died.
[30-Jun-97 05:24:15] Error: Unable to read from socket. Assuming server has died.
[30-Jun-97 05:24:15] Error: Unable to read from socket. Assuming server has died.
[30-Jun-97 05:24:15] Error: Unable to read from socket. Assuming server has died.
[30-Jun-97 05:24:15] Error: Unable to read from socket. Assuming server has died.
[30-Jun-97 05:24:16] Error: Unable to read from socket. Assuming server has died.
[30-Jun-97 05:24:16] Error: Unable to read from socket. Assuming server has died.
[30-Jun-97 05:24:16] Error: Unable to read from socket. Assuming server has died.
[30-Jun-97 05:24:16] Error: Unable to read from socket. Assuming server has died.
[30-Jun-97 05:24:16] Error: Unable to read from socket. Assuming server has died.
[30-Jun-97 05:24:16] Error: Unable to read from socket. Assuming server has died.
[30-Jun-97 05:24:16] Error: Unable to read from socket. Assuming server has died.
[30-Jun-97 05:24:16] Error: Unable to read from socket. Assuming server has died.
[30-Jun-97 05:24:16] Error: Unable to read from socket. Assuming server has died.
[30-Jun-97 05:24:16] Error: Unable to read from socket. Assuming server has died.
[30-Jun-97 05:24:16] Error: Unable to read from socket. Assuming server has died.
[30-Jun-97 05:24:16] Error: Unable to read from socket. Assuming server has died.
[30-Jun-97 05:24:16] Error: Unable to read from socket. Assuming server has died.
[30-Jun-97 05:24:16] Error: Unable to read from socket. Assuming server has died.
[30-Jun-97 05:24:16] Error: Unable to read from socket. Assuming server has died.
[30-Jun-97 05:24:16] Error: Unable to read from socket. Assuming server has died.
[30-Jun-97 05:24:16] Error: Unable to read from socket. Assuming server has died.
[30-Jun-97 05:24:16] Error: Unable to read from socket. Assuming server has died.
[30-Jun-97 05:24:16] Error: Unable to read from socket. Assuming server has died.
[30-Jun-97 05:24:16] Error: Unable to read from socket. Assuming server has died.
[30-Jun-97 05:24:16] Error: Unable to read from socket. Assuming server has died.
[30-Jun-97 05:24:16] Error: Unable to read from socket. Assuming server has died.
[30-Jun-97 05:24:17] Error: Unable to read from socket. Assuming server has died.
[30-Jun-97 05:24:17] Error: Unable to read from socket. Assuming server has died.
[30-Jun-97 05:24:17] Error: Unable to read from socket. Assuming server has died.
[30-Jun-97 05:24:17] Error: Unable to read from socket. Assuming server has died.
[30-Jun-97 05:24:17] Error: Unable to read from socket. Assuming server has died.
[30-Jun-97 05:24:17] Error: Unable to read from socket. Assuming server has died.
[30-Jun-97 05:24:17] Error: Unable to read from socket. Assuming server has died.
[30-Jun-97 05:24:17] Error: Unable to read from socket. Assuming server has died.
[30-Jun-97 05:24:17] Error: Unable to read from socket. Assuming server has died.
[30-Jun-97 05:24:17] Error: Unable to read from socket. Assuming server has died.
[30-Jun-97 05:24:17] Error: Unable to read from socket. Assuming server has died.
[30-Jun-97 05:24:17] Error: Unable to read from socket. Assuming server has died.
[30-Jun-97 05:24:17] Error: Unable to read from socket. Assuming server has died.
[30-Jun-97 05:24:17] Error: Unable to read from socket. Assuming server has died.
[30-Jun-97 05:24:17] Error: Unable to read from socket. Assuming server has died.
[30-Jun-97 05:24:17] Error: Unable to read from socket. Assuming server has died.
[30-Jun-97 05:24:17] Error: Unable to read from socket. Assuming server has died.
[30-Jun-97 05:24:17] Error: Unable to read from socket. Assuming server has died.
[30-Jun-97 05:24:17] Error: Unable to read from socket. Assuming server has died.
[30-Jun-97 05:24:17] Error: Unable to read from socket. Assuming server has died.
[30-Jun-97 05:24:17] Error: Unable to read from socket. Assuming server has died.
[30-Jun-97 05:24:17] Error: Unable to read from socket. Assuming server has died.
[30-Jun-97 05:24:17] Error: Unable to read from socket. Assuming server has died.
[30-Jun-97 05:24:17] Error: Unable to read from socket. Assuming server has died.
[30-Jun-97 05:24:17] Error: Unable to read from socket. Assuming server has died.
[30-Jun-97 05:24:18] Error: Unable to read from socket. Assuming server has died.
[30-Jun-97 05:24:18] Error: Unable to read from socket. Assuming server has died.
[30-Jun-97 05:24:18] Error: Unable to read from socket. Assuming server has died.
[30-Jun-97 05:24:18] Error: Unable to read from socket. Assuming server has died.
[30-Jun-97 05:24:18] Error: Unable to read from socket. Assuming server has died.
[30-Jun-97 05:24:18] Error: Unable to read from socket. Assuming server has died.
[30-Jun-97 05:24:18] Error: Unable to read from socket. Assuming server has died.
[30-Jun-97 05:24:18] Error: Unable to read from socket. Assuming server has died.
[30-Jun-97 05:24:18] Error: Unable to read from socket. Assuming server has died.
[30-Jun-97 05:24:18] Error: Unable to read from socket. Assuming server has died.
[30-Jun-97 05:24:18] Error: Unable to read from socket. Assuming server has died.
[30-Jun-97 05:24:18] Error: Unable to read from socket. Assuming server has died.
[30-Jun-97 05:24:18] Error: Unable to read from socket. Assuming server has died.
[30-Jun-97 05:24:18] Error: Unable to read from socket. Assuming server has died.
[30-Jun-97 05:24:18] Error: Unable to read from socket. Assuming server has died.
[30-Jun-97 05:24:18] Error: Unable to read from socket. Assuming server has died.
[30-Jun-97 05:24:18] Error: Unable to read from socket. Assuming server has died.
[30-Jun-97 05:24:18] Error: Unable to read from socket. Assuming server has died.
[30-Jun-97 05:24:18] Error: Unable to read from socket. Assuming server has died.
[30-Jun-97 05:24:18] Error: Unable to read from socket. Assuming server has died.
[30-Jun-97 05:24:18] Error: Unable to read from socket. Assuming server has died.
[30-Jun-97 05:24:18] Error: Unable to read from socket. Assuming server has died.
[30-Jun-97 05:24:18] Error: Unable to read from socket. Assuming server has died.
[30-Jun-97 05:24:18] Error: Unable to read from socket. Assuming server has died.
[30-Jun-97 05:24:19] Error: Unable to read from socket. Assuming server has died.
[30-Jun-97 05:24:19] Error: Unable to read from socket. Assuming server has died.
[30-Jun-97 05:24:19] Error: Unable to read from socket. Assuming server has died.
[30-Jun-97 05:24:19] Error: Unable to read from socket. Assuming server has died.
[30-Jun-97 05:24:19] Error: Unable to read from socket. Assuming server has died.
[30-Jun-97 05:24:19] Error: Unable to read from socket. Assuming server has died.
[30-Jun-97 05:24:19] Error: Unable to read from socket. Assuming server has died.
[30-Jun-97 05:24:19] Error: Unable to read from socket. Assuming server has died.
[30-Jun-97 05:24:19] Error: Unable to read from socket. Assuming server has died.
[30-Jun-97 05:24:19] Error: Unable to read from socket. Assuming server has died.
[30-Jun-97 05:24:19] Error: Unable to read from socket. Assuming server has died.
[30-Jun-97 05:24:19] Error: Unable to read from socket. Assuming server has died.
[30-Jun-97 05:24:19] Error: Unable to read from socket. Assuming server has died.
[30-Jun-97 05:24:19] Error: Unable to read from socket. Assuming server has died.
[30-Jun-97 05:24:19] Error: Unable to read from socket. Assuming server has died.
[30-Jun-97 05:24:19] Error: Unable to read from socket. Assuming server has died.
[30-Jun-97 05:24:19] Error: Unable to read from socket. Assuming server has died.
[30-Jun-97 05:24:19] Error: Unable to read from socket. Assuming server has died.
[30-Jun-97 05:24:19] Error: Unable to read from socket. Assuming server has died.
[30-Jun-97 05:24:19] Error: Unable to read from socket. Assuming server has died.
[30-Jun-97 05:24:19] Error: Unable to read from socket. Assuming server has died.
[30-Jun-97 05:24:19] Error: Unable to read from socket. Assuming server has died.
[30-Jun-97 05:24:19] Error: Unable to read from socket. Assuming server has died.
[30-Jun-97 05:24:19] Error: Unable to read from socket. Assuming server has died.
[30-Jun-97 05:24:20] Error: Unable to read from socket. Assuming server has died.
[30-Jun-97 05:24:20] Error: Unable to read from socket. Assuming server has died.
[30-Jun-97 05:24:20] Error: Unable to read from socket. Assuming server has died.
[30-Jun-97 05:24:20] Error: Unable to read from socket. Assuming server has died.
[30-Jun-97 05:24:20] Error: Unable to read from socket. Assuming server has died.
[30-Jun-97 05:24:20] Error: Unable to read from socket. Assuming server has died.
[30-Jun-97 05:24:20] Error: Unable to read from socket. Assuming server has died.
[30-Jun-97 05:24:20] Error: Unable to read from socket. Assuming server has died.
[30-Jun-97 05:24:20] Error: Unable to read from socket. Assuming server has died.
[30-Jun-97 05:24:20] Error: Unable to read from socket. Assuming server has died.
[30-Jun-97 05:24:20] Error: Unable to read from socket. Assuming server has died.
[30-Jun-97 05:24:20] Error: Unable to read from socket. Assuming server has died.
[30-Jun-97 05:24:20] Error: Unable to read from socket. Assuming server has died.
[30-Jun-97 05:24:20] Error: Unable to read from socket. Assuming server has died.
[30-Jun-97 05:24:20] Error: Unable to read from socket. Assuming server has died.
[30-Jun-97 05:24:20] Error: Unable to read from socket. Assuming server has died.
[30-Jun-97 05:24:20] Error: Unable to read from socket. Assuming server has died.
[30-Jun-97 05:24:20] Error: Unable to read from socket. Assuming server has died.
[30-Jun-97 05:24:20] Error: Unable to read from socket. Assuming server has died.
[30-Jun-97 05:24:20] Error: Unable to read from socket. Assuming server has died.
[30-Jun-97 05:24:20] Error: Unable to read from socket. Assuming server has died.
[30-Jun-97 05:24:20] Error: Unable to read from socket. Assuming server has died.
[30-Jun-97 05:24:20] Error: Unable to read from socket. Assuming server has died.
[30-Jun-97 05:24:20] Error: Unable to read from socket. Assuming server has died.
[30-Jun-97 05:24:20] Error: Unable to read from socket. Assuming server has died.
[30-Jun-97 05:24:21] Error: Unable to read from socket. Assuming server has died.
[30-Jun-97 05:24:21] Error: Unable to read from socket. Assuming server has died.
[30-Jun-97 05:24:21] Error: Unable to read from socket. Assuming server has died.
[30-Jun-97 05:24:21] Error: Unable to read from socket. Assuming server has died.
[30-Jun-97 05:24:21] Error: Unable to read from socket. Assuming server has died.
[30-Jun-97 05:24:21] Error: Unable to read from socket. Assuming server has died.
[30-Jun-97 05:24:21] Error: Unable to read from socket. Assuming server has died.
[30-Jun-97 05:24:21] Error: Unable to read from socket. Assuming server has died.
[30-Jun-97 05:24:21] Error: Unable to read from socket. Assuming server has died.
[30-Jun-97 05:24:21] Error: Unable to read from socket. Assuming server has died.
[30-Jun-97 05:24:21] Error: Unable to read from socket. Assuming server has died.
[30-Jun-97 05:24:21] Error: Unable to read from socket. Assuming server has died.
[30-Jun-97 05:24:21] Error: Unable to read from socket. Assuming server has died.
[30-Jun-97 05:24:21] Error: Unable to read from socket. Assuming server has died.
[30-Jun-97 05:24:21] Error: Unable to read from socket. Assuming server has died.
[30-Jun-97 05:24:21] Error: Unable to read from socket. Assuming server has died.
[30-Jun-97 05:24:21] Error: Unable to read from socket. Assuming server has died.
[30-Jun-97 05:24:21] Error: Unable to read from socket. Assuming server has died.
[30-Jun-97 05:24:21] Error: Unable to read from socket. Assuming server has died.
[30-Jun-97 05:24:21] Error: Unable to read from socket. Assuming server has died.
[30-Jun-97 05:24:21] Error: Unable to read from socket. Assuming server has died.
[30-Jun-97 05:24:21] Error: Unable to read from socket. Assuming server has died.
[30-Jun-97 05:24:21] Error: Unable to read from socket. Assuming server has died.
[30-Jun-97 05:24:21] Error: Unable to read from socket. Assuming server has died.
[30-Jun-97 05:24:21] Error: Unable to read from socket. Assuming server has died.
[30-Jun-97 05:24:22] Error: Unable to read from socket. Assuming server has died.
[30-Jun-97 05:24:22] Error: Unable to read from socket. Assuming server has died.
[30-Jun-97 05:24:22] Error: Unable to read from socket. Assuming server has died.
[30-Jun-97 05:24:22] Error: Unable to read from socket. Assuming server has died.
[30-Jun-97 05:24:22] Error: Unable to read from socket. Assuming server has died.
[30-Jun-97 05:24:22] Error: Unable to read from socket. Assuming server has died.
[30-Jun-97 05:24:22] Error: Unable to read from socket. Assuming server has died.
[30-Jun-97 05:24:22] Error: Unable to read from socket. Assuming server has died.
[30-Jun-97 05:24:22] Error: Unable to read from socket. Assuming server has died.
[30-Jun-97 05:24:22] Error: Unable to read from socket. Assuming server has died.
[30-Jun-97 05:24:22] Error: Unable to read from socket. Assuming server has died.
[30-Jun-97 05:24:22] Error: Unable to read from socket. Assuming server has died.
[30-Jun-97 05:24:22] Error: Unable to read from socket. Assuming server has died.
[30-Jun-97 05:24:22] Error: Unable to read from socket. Assuming server has died.
[30-Jun-97 05:24:22] Error: Unable to read from socket. Assuming server has died.
[30-Jun-97 05:24:22] Error: Unable to read from socket. Assuming server has died.
[30-Jun-97 05:24:22] Error: Unable to read from socket. Assuming server has died.
[30-Jun-97 05:24:22] Error: Unable to read from socket. Assuming server has died.
[30-Jun-97 05:24:22] Error: Unable to read from socket. Assuming server has died.
[30-Jun-97 05:24:22] Error: Unable to read from socket. Assuming server has died.
[30-Jun-97 05:24:22] Error: Unable to read from socket. Assuming server has died.
[30-Jun-97 05:24:22] Error: Unable to read from socket. Assuming server has died.
[30-Jun-97 05:24:22] Error: Unable to read from socket. Assuming server has died.
[30-Jun-97 05:24:22] Error: Unable to read from socket. Assuming server has died.
[30-Jun-97 05:24:22] Error: Unable to read from socket. Assuming server has died.
[30-Jun-97 05:24:23] Error: Unable to read from socket. Assuming server has died.
[30-Jun-97 05:24:23] Error: Unable to read from socket. Assuming server has died.
[30-Jun-97 05:24:23] Error: Unable to read from socket. Assuming server has died.
[30-Jun-97 05:24:23] Error: Unable to read from socket. Assuming server has died.
[30-Jun-97 05:24:23] Error: Unable to read from socket. Assuming server has died.
[30-Jun-97 05:24:23] Error: Unable to read from socket. Assuming server has died.
[30-Jun-97 05:24:23] Error: Unable to read from socket. Assuming server has died.
[30-Jun-97 05:24:23] Error: Unable to read from socket. Assuming server has died.
[30-Jun-97 05:24:23] Error: Unable to read from socket. Assuming server has died.
[30-Jun-97 05:24:23] Error: Unable to read from socket. Assuming server has died.
[30-Jun-97 05:24:23] Error: Unable to read from socket. Assuming server has died.
[30-Jun-97 05:24:23] Error: Unable to read from socket. Assuming server has died.
[30-Jun-97 05:24:23] Error: Unable to read from socket. Assuming server has died.
[30-Jun-97 05:24:23] Error: Unable to read from socket. Assuming server has died.
[30-Jun-97 05:24:23] Error: Unable to read from socket. Assuming server has died.
[30-Jun-97 05:24:23] Error: Unable to read from socket. Assuming server has died.
[30-Jun-97 05:24:23] Error: Unable to read from socket. Assuming server has died.
[30-Jun-97 05:24:23] Error: Unable to read from socket. Assuming server has died.
[30-Jun-97 05:24:23] Error: Unable to read from socket. Assuming server has died.
[30-Jun-97 05:24:23] Error: Unable to read from socket. Assuming server has died.
[30-Jun-97 05:24:23] Error: Unable to read from socket. Assuming server has died.
[30-Jun-97 05:24:23] Error: Unable to read from socket. Assuming server has died.
[30-Jun-97 05:24:23] Error: Unable to read from socket. Assuming server has died.
[30-Jun-97 05:24:24] Error: Unable to read from socket. Assuming server has died.
[30-Jun-97 05:24:24] Error: Unable to read from socket. Assuming server has died.
[30-Jun-97 05:24:24] Error: Unable to read from socket. Assuming server has died.
[30-Jun-97 05:24:24] Error: Unable to read from socket. Assuming server has died.
[30-Jun-97 05:24:24] Error: Unable to read from socket. Assuming server has died.
[30-Jun-97 05:24:24] Error: Unable to read from socket. Assuming server has died.
[30-Jun-97 05:24:24] Error: Unable to read from socket. Assuming server has died.
[30-Jun-97 05:24:24] Error: Unable to read from socket. Assuming server has died.
[30-Jun-97 05:24:24] Error: Unable to read from socket. Assuming server has died.
[30-Jun-97 05:24:24] Error: Unable to read from socket. Assuming server has died.
[30-Jun-97 05:24:24] Error: Unable to read from socket. Assuming server has died.
[30-Jun-97 05:24:24] Error: Unable to read from socket. Assuming server has died.
[30-Jun-97 05:24:24] Error: Unable to read from socket. Assuming server has died.
[30-Jun-97 05:24:24] Error: Unable to read from socket. Assuming server has died.
[30-Jun-97 05:24:24] Error: Unable to read from socket. Assuming server has died.
[30-Jun-97 05:24:24] Error: Unable to read from socket. Assuming server has died.
[30-Jun-97 05:24:24] Error: Unable to read from socket. Assuming server has died.
[30-Jun-97 05:24:24] Error: Unable to read from socket. Assuming server has died.
[30-Jun-97 05:24:24] Error: Unable to read from socket. Assuming server has died.
[30-Jun-97 05:24:24] Error: Unable to read from socket. Assuming server has died.
[30-Jun-97 05:24:24] Error: Unable to read from socket. Assuming server has died.
[30-Jun-97 05:24:24] Error: Unable to read from socket. Assuming server has died.
[30-Jun-97 05:24:25] Error: Unable to read from socket. Assuming server has died.
[30-Jun-97 05:24:25] Error: Unable to read from socket. Assuming server has died.
[30-Jun-97 05:24:25] Error: Unable to read from socket. Assuming server has died.
[30-Jun-97 05:24:25] Error: Unable to read from socket. Assuming server has died.
[30-Jun-97 05:24:25] Error: Unable to read from socket. Assuming server has died.
[30-Jun-97 05:24:25] Error: Unable to read from socket. Assuming server has died.
[30-Jun-97 05:24:25] Error: Unable to read from socket. Assuming server has died.
[30-Jun-97 05:24:25] Error: Unable to read from socket. Assuming server has died.
[30-Jun-97 05:24:25] Error: Unable to read from socket. Assuming server has died.
[30-Jun-97 05:24:25] Error: Unable to read from socket. Assuming server has died.
[30-Jun-97 05:24:25] Error: Unable to read from socket. Assuming server has died.
[30-Jun-97 05:24:25] Error: Unable to read from socket. Assuming server has died.
[30-Jun-97 05:24:25] Error: Unable to read from socket. Assuming server has died.
[30-Jun-97 05:24:25] Error: Unable to read from socket. Assuming server has died.
[30-Jun-97 05:24:25] Error: Unable to read from socket. Assuming server has died.
[30-Jun-97 05:24:25] Error: Unable to read from socket. Assuming server has died.
[30-Jun-97 05:24:25] Error: Unable to read from socket. Assuming server has died.
[30-Jun-97 05:24:25] Error: Unable to read from socket. Assuming server has died.
[30-Jun-97 05:24:25] Error: Unable to read from socket. Assuming server has died.
[30-Jun-97 05:24:25] Error: Unable to read from socket. Assuming server has died.
[30-Jun-97 05:24:26] Error: Unable to read from socket. Assuming server has died.
[30-Jun-97 05:24:26] Error: Unable to read from socket. Assuming server has died.
[30-Jun-97 05:24:26] Error: Unable to read from socket. Assuming server has died.
[30-Jun-97 05:24:26] Error: Unable to read from socket. Assuming server has died.
[30-Jun-97 05:24:26] Error: Unable to read from socket. Assuming server has died.
[30-Jun-97 05:24:26] Error: Unable to read from socket. Assuming server has died.
[30-Jun-97 05:24:26] Error: Unable to read from socket. Assuming server has died.
[30-Jun-97 05:24:26] Error: Unable to read from socket. Assuming server has died.
[30-Jun-97 05:24:26] Error: Unable to read from socket. Assuming server has died.
[30-Jun-97 05:24:26] Error: Unable to read from socket. Assuming server has died.
[30-Jun-97 05:24:26] Error: Unable to read from socket. Assuming server has died.
[30-Jun-97 05:24:26] Error: Unable to read from socket. Assuming server has died.
[30-Jun-97 05:24:26] Error: Unable to read from socket. Assuming server has died.
[30-Jun-97 05:24:26] Error: Unable to read from socket. Assuming server has died.
[30-Jun-97 05:24:26] Error: Unable to read from socket. Assuming server has died.
[30-Jun-97 05:24:26] Error: Unable to read from socket. Assuming server has died.
[30-Jun-97 05:24:26] Error: Unable to read from socket. Assuming server has died.
[30-Jun-97 05:24:26] Error: Unable to read from socket. Assuming server has died.
[30-Jun-97 05:24:26] Error: Unable to read from socket. Assuming server has died.
[30-Jun-97 05:24:26] Error: Unable to read from socket. Assuming server has died.
[30-Jun-97 05:24:26] Error: Unable to read from socket. Assuming server has died.
[30-Jun-97 05:24:26] Error: Unable to read from socket. Assuming server has died.
[30-Jun-97 05:24:26] Error: Unable to read from socket. Assuming server has died.
[30-Jun-97 05:24:26] Error: Unable to read from socket. Assuming server has died.
[30-Jun-97 05:24:27] Error: Unable to read from socket. Assuming server has died.
[30-Jun-97 05:24:27] Error: Unable to read from socket. Assuming server has died.
[30-Jun-97 05:24:27] Error: Unable to read from socket. Assuming server has died.
[30-Jun-97 05:24:27] Error: Unable to read from socket. Assuming server has died.
[30-Jun-97 05:24:27] Error: Unable to read from socket. Assuming server has died.
[30-Jun-97 05:24:27] Error: Unable to read from socket. Assuming server has died.
[30-Jun-97 05:24:27] Error: Unable to read from socket. Assuming server has died.
[30-Jun-97 05:24:27] Error: Unable to read from socket. Assuming server has died.
[30-Jun-97 05:24:27] Error: Unable to read from socket. Assuming server has died.
[30-Jun-97 05:24:27] Error: Unable to read from socket. Assuming server has died.
[30-Jun-97 05:24:27] Error: Unable to read from socket. Assuming server has died.
[30-Jun-97 05:24:27] Error: Unable to read from socket. Assuming server has died.
[30-Jun-97 05:24:27] Error: Unable to read from socket. Assuming server has died.
[30-Jun-97 05:24:27] Error: Unable to read from socket. Assuming server has died.
[30-Jun-97 05:24:27] Error: Unable to read from socket. Assuming server has died.
[30-Jun-97 05:24:27] Error: Unable to read from socket. Assuming server has died.
[30-Jun-97 05:24:27] Error: Unable to read from socket. Assuming server has died.
[30-Jun-97 05:24:27] Error: Unable to read from socket. Assuming server has died.
[30-Jun-97 05:24:27] Error: Unable to read from socket. Assuming server has died.
[30-Jun-97 05:24:27] Error: Unable to read from socket. Assuming server has died.
[30-Jun-97 05:24:27] Error: Unable to read from socket. Assuming server has died.
[30-Jun-97 05:24:27] Error: Unable to read from socket. Assuming server has died.
[30-Jun-97 05:24:28] Error: Unable to read from socket. Assuming server has died.
[30-Jun-97 05:24:28] Error: Unable to read from socket. Assuming server has died.
[30-Jun-97 05:24:28] Error: Unable to read from socket. Assuming server has died.
[30-Jun-97 05:24:28] Error: Unable to read from socket. Assuming server has died.
[30-Jun-97 05:24:28] Error: Unable to read from socket. Assuming server has died.
[30-Jun-97 05:24:28] Error: Unable to read from socket. Assuming server has died.
[30-Jun-97 05:24:28] Error: Unable to read from socket. Assuming server has died.
[30-Jun-97 05:24:28] Error: Unable to read from socket. Assuming server has died.
[30-Jun-97 05:24:28] Error: Unable to read from socket. Assuming server has died.
[30-Jun-97 05:24:28] Error: Unable to read from socket. Assuming server has died.
[30-Jun-97 05:24:28] Error: Unable to read from socket. Assuming server has died.
[30-Jun-97 05:24:28] Error: Unable to read from socket. Assuming server has died.
[30-Jun-97 05:24:28] Error: Unable to read from socket. Assuming server has died.
[30-Jun-97 05:24:28] Error: Unable to read from socket. Assuming server has died.
[30-Jun-97 05:24:28] Error: Unable to read from socket. Assuming server has died.
[30-Jun-97 05:24:28] Error: Unable to read from socket. Assuming server has died.
[30-Jun-97 05:24:28] Error: Unable to read from socket. Assuming server has died.
[30-Jun-97 05:24:28] Error: Unable to read from socket. Assuming server has died.
[30-Jun-97 05:24:29] Error: Unable to read from socket. Assuming server has died.
[30-Jun-97 05:24:29] Error: Unable to read from socket. Assuming server has died.
[30-Jun-97 05:24:29] Error: Unable to read from socket. Assuming server has died.
[30-Jun-97 05:24:29] Error: Unable to read from socket. Assuming server has died.
[30-Jun-97 05:24:29] Error: Unable to read from socket. Assuming server has died.
[30-Jun-97 05:24:29] Error: Unable to read from socket. Assuming server has died.
[30-Jun-97 05:24:29] Error: Unable to read from socket. Assuming server has died.
[30-Jun-97 05:24:29] Error: Unable to read from socket. Assuming server has died.
[30-Jun-97 05:24:29] Error: Unable to read from socket. Assuming server has died.
[30-Jun-97 05:24:29] Error: Unable to read from socket. Assuming server has died.
[30-Jun-97 05:24:29] Error: Unable to read from socket. Assuming server has died.
[30-Jun-97 05:24:29] Error: Unable to read from socket. Assuming server has died.
[30-Jun-97 05:24:29] Error: Unable to read from socket. Assuming server has died.
[30-Jun-97 05:24:29] Error: Unable to read from socket. Assuming server has died.
[30-Jun-97 05:24:29] Error: Unable to read from socket. Assuming server has died.
[30-Jun-97 05:24:29] Error: Unable to read from socket. Assuming server has died.
[30-Jun-97 05:24:29] Error: Unable to read from socket. Assuming server has died.
[30-Jun-97 05:24:29] Error: Unable to read from socket. Assuming server has died.
[30-Jun-97 05:24:29] Error: Unable to read from socket. Assuming server has died.
[30-Jun-97 05:24:29] Error: Unable to read from socket. Assuming server has died.
[30-Jun-97 05:24:29] Error: Unable to read from socket. Assuming server has died.
[30-Jun-97 05:24:29] Error: Unable to read from socket. Assuming server has died.
[30-Jun-97 05:24:29] Error: Unable to read from socket. Assuming server has died.
[30-Jun-97 05:24:29] Error: Unable to read from socket. Assuming server has died.
[30-Jun-97 05:24:30] Error: Unable to read from socket. Assuming server has died.
[30-Jun-97 05:24:30] Error: Unable to read from socket. Assuming server has died.
[30-Jun-97 05:24:30] Error: Unable to read from socket. Assuming server has died.
[30-Jun-97 05:24:30] Error: Unable to read from socket. Assuming server has died.
[30-Jun-97 05:24:30] Error: Unable to read from socket. Assuming server has died.
[30-Jun-97 05:24:30] Error: Unable to read from socket. Assuming server has died.
[30-Jun-97 05:24:30] Error: Unable to read from socket. Assuming server has died.
[30-Jun-97 05:24:30] Error: Unable to read from socket. Assuming server has died.
[30-Jun-97 05:24:30] Error: Unable to read from socket. Assuming server has died.
[30-Jun-97 05:24:30] Error: Unable to read from socket. Assuming server has died.
[30-Jun-97 05:24:30] Error: Unable to read from socket. Assuming server has died.
[30-Jun-97 05:24:30] Error: Unable to read from socket. Assuming server has died.
[30-Jun-97 05:24:30] Error: Unable to read from socket. Assuming server has died.
[30-Jun-97 05:24:30] Error: Unable to read from socket. Assuming server has died.
[30-Jun-97 05:24:30] Error: Unable to read from socket. Assuming server has died.
[30-Jun-97 05:24:30] Error: Unable to read from socket. Assuming server has died.
[30-Jun-97 05:24:30] Error: Unable to read from socket. Assuming server has died.
[30-Jun-97 05:24:30] Error: Unable to read from socket. Assuming server has died.
[30-Jun-97 05:24:30] Error: Unable to read from socket. Assuming server has died.
[30-Jun-97 05:24:30] Error: Unable to read from socket. Assuming server has died.
[30-Jun-97 05:24:31] Error: Unable to read from socket. Assuming server has died.
[30-Jun-97 05:24:31] Error: Unable to read from socket. Assuming server has died.
[30-Jun-97 05:24:31] Error: Unable to read from socket. Assuming server has died.
[30-Jun-97 05:24:31] Error: Unable to read from socket. Assuming server has died.
[30-Jun-97 05:24:31] Error: Unable to read from socket. Assuming server has died.
[30-Jun-97 05:24:31] Error: Unable to read from socket. Assuming server has died.
[30-Jun-97 05:24:31] Error: Unable to read from socket. Assuming server has died.
[30-Jun-97 05:24:31] Error: Unable to read from socket. Assuming server has died.
[30-Jun-97 05:24:31] Error: Unable to read from socket. Assuming server has died.
[30-Jun-97 05:24:31] Error: Unable to read from socket. Assuming server has died.
[30-Jun-97 05:24:31] Error: Unable to read from socket. Assuming server has died.
[30-Jun-97 05:24:31] Error: Unable to read from socket. Assuming server has died.
[30-Jun-97 05:24:32] Error: Unable to read from socket. Assuming server has died.
[30-Jun-97 05:24:32] Error: Unable to read from socket. Assuming server has died.
[30-Jun-97 05:24:32] Error: Unable to read from socket. Assuming server has died.
[30-Jun-97 05:24:32] Error: Unable to read from socket. Assuming server has died.
[30-Jun-97 05:24:32] Error: Unable to read from socket. Assuming server has died.
[30-Jun-97 05:24:32] Error: Unable to read from socket. Assuming server has died.
[30-Jun-97 05:24:32] Error: Unable to read from socket. Assuming server has died.
[30-Jun-97 05:24:32] Error: Unable to read from socket. Assuming server has died.
[30-Jun-97 05:24:32] Error: Unable to read from socket. Assuming server has died.
[30-Jun-97 05:24:32] Error: Unable to read from socket. Assuming server has died.
[30-Jun-97 05:24:32] Error: Unable to read from socket. Assuming server has died.
[30-Jun-97 05:24:32] Error: Unable to read from socket. Assuming server has died.
[30-Jun-97 05:24:32] Error: Unable to read from socket. Assuming server has died.
[30-Jun-97 05:24:32] Error: Unable to read from socket. Assuming server has died.
[30-Jun-97 05:24:32] Error: Unable to read from socket. Assuming server has died.
[30-Jun-97 05:24:32] Error: Unable to read from socket. Assuming server has died.
[30-Jun-97 05:24:32] Error: Unable to read from socket. Assuming server has died.
[30-Jun-97 05:24:32] Error: Unable to read from socket. Assuming server has died.
[30-Jun-97 05:24:32] Error: Unable to read from socket. Assuming server has died.
[30-Jun-97 05:24:32] Error: Unable to read from socket. Assuming server has died.
[30-Jun-97 05:24:32] Error: Unable to read from socket. Assuming server has died.
[30-Jun-97 05:24:32] Error: Unable to read from socket. Assuming server has died.
[30-Jun-97 05:24:32] Error: Unable to read from socket. Assuming server has died.
[30-Jun-97 05:24:32] Error: Unable to read from socket. Assuming server has died.
[30-Jun-97 05:24:32] Error: Unable to read from socket. Assuming server has died.
[30-Jun-97 05:24:33] Error: Unable to read from socket. Assuming server has died.
[30-Jun-97 05:24:33] Error: Unable to read from socket. Assuming server has died.
[30-Jun-97 05:24:33] Error: Unable to read from socket. Assuming server has died.
[30-Jun-97 05:24:33] Error: Unable to read from socket. Assuming server has died.
[30-Jun-97 05:24:33] Error: Unable to read from socket. Assuming server has died.
[30-Jun-97 05:24:33] Error: Unable to read from socket. Assuming server has died.
[30-Jun-97 05:24:33] Error: Unable to read from socket. Assuming server has died.
[30-Jun-97 05:24:33] Error: Unable to read from socket. Assuming server has died.
[30-Jun-97 05:24:33] Error: Unable to read from socket. Assuming server has died.
[30-Jun-97 05:24:33] Error: Unable to read from socket. Assuming server has died.
[30-Jun-97 05:24:33] Error: Unable to read from socket. Assuming server has died.
[30-Jun-97 05:24:33] Error: Unable to read from socket. Assuming server has died.
[30-Jun-97 05:24:33] Error: Unable to read from socket. Assuming server has died.
[30-Jun-97 05:24:33] Error: Unable to read from socket. Assuming server has died.
[30-Jun-97 05:24:33] Error: Unable to read from socket. Assuming server has died.
[30-Jun-97 05:24:33] Error: Unable to read from socket. Assuming server has died.
[30-Jun-97 05:24:33] Error: Unable to read from socket. Assuming server has died.
[30-Jun-97 05:24:33] Error: Unable to read from socket. Assuming server has died.
[30-Jun-97 05:24:33] Error: Unable to read from socket. Assuming server has died.
[30-Jun-97 05:24:33] Error: Unable to read from socket. Assuming server has died.
[30-Jun-97 05:24:34] Error: Unable to read from socket. Assuming server has died.
[30-Jun-97 05:24:34] Error: Unable to read from socket. Assuming server has died.
[30-Jun-97 05:24:34] Error: Unable to read from socket. Assuming server has died.
[30-Jun-97 05:24:34] Error: Unable to read from socket. Assuming server has died.
[30-Jun-97 05:24:34] Error: Unable to read from socket. Assuming server has died.
[30-Jun-97 05:24:34] Error: Unable to read from socket. Assuming server has died.
[30-Jun-97 05:24:34] Error: Unable to read from socket. Assuming server has died.
[30-Jun-97 05:24:34] Error: Unable to read from socket. Assuming server has died.
[30-Jun-97 05:24:34] Error: Unable to read from socket. Assuming server has died.
[30-Jun-97 05:24:34] Error: Unable to read from socket. Assuming server has died.
[30-Jun-97 05:24:34] Error: Unable to read from socket. Assuming server has died.
[30-Jun-97 05:24:34] Error: Unable to read from socket. Assuming server has died.
[30-Jun-97 05:24:34] Error: Unable to read from socket. Assuming server has died.
[30-Jun-97 05:24:34] Error: Unable to read from socket. Assuming server has died.
[30-Jun-97 05:24:34] Error: Unable to read from socket. Assuming server has died.
[30-Jun-97 05:24:34] Error: Unable to read from socket. Assuming server has died.
[30-Jun-97 05:24:34] Error: Unable to read from socket. Assuming server has died.
[30-Jun-97 05:24:34] Error: Unable to read from socket. Assuming server has died.
[30-Jun-97 05:24:34] Error: Unable to read from socket. Assuming server has died.
[30-Jun-97 05:24:34] Error: Unable to read from socket. Assuming server has died.
[30-Jun-97 05:24:35] Error: Unable to read from socket. Assuming server has died.
[30-Jun-97 05:24:35] Error: Unable to read from socket. Assuming server has died.
[30-Jun-97 05:24:35] Error: Unable to read from socket. Assuming server has died.
[30-Jun-97 05:24:35] Error: Unable to read from socket. Assuming server has died.
[30-Jun-97 05:24:35] Error: Unable to read from socket. Assuming server has died.
[30-Jun-97 05:24:35] Error: Unable to read from socket. Assuming server has died.
[30-Jun-97 05:24:35] Error: Unable to read from socket. Assuming server has died.
[30-Jun-97 05:24:35] Error: Unable to read from socket. Assuming server has died.
[30-Jun-97 05:24:35] Error: Unable to read from socket. Assuming server has died.
[30-Jun-97 05:24:35] Error: Unable to read from socket. Assuming server has died.
[30-Jun-97 05:24:35] Error: Unable to read from socket. Assuming server has died.
[30-Jun-97 05:24:35] Error: Unable to read from socket. Assuming server has died.
[30-Jun-97 05:24:35] Error: Unable to read from socket. Assuming server has died.
[30-Jun-97 05:24:35] Error: Unable to read from socket. Assuming server has died.
[30-Jun-97 05:24:35] Error: Unable to read from socket. Assuming server has died.
[30-Jun-97 05:24:35] Error: Unable to read from socket. Assuming server has died.
[30-Jun-97 05:24:35] Error: Unable to read from socket. Assuming server has died.
[30-Jun-97 05:24:35] Error: Unable to read from socket. Assuming server has died.
[30-Jun-97 05:24:35] Error: Unable to read from socket. Assuming server has died.
[30-Jun-97 05:24:35] Error: Unable to read from socket. Assuming server has died.
[30-Jun-97 05:24:35] Error: Unable to read from socket. Assuming server has died.
[30-Jun-97 05:24:35] Error: Unable to read from socket. Assuming server has died.
[30-Jun-97 05:24:35] Error: Unable to read from socket. Assuming server has died.
[30-Jun-97 05:24:35] Error: Unable to read from socket. Assuming server has died.
[30-Jun-97 05:24:36] Error: Unable to read from socket. Assuming server has died.
[30-Jun-97 05:24:36] Error: Unable to read from socket. Assuming server has died.
[30-Jun-97 05:24:36] Error: Unable to read from socket. Assuming server has died.
[30-Jun-97 05:24:36] Error: Unable to read from socket. Assuming server has died.
[30-Jun-97 05:24:36] Error: Unable to read from socket. Assuming server has died.
[30-Jun-97 05:24:36] Error: Unable to read from socket. Assuming server has died.
[30-Jun-97 05:24:36] Error: Unable to read from socket. Assuming server has died.
[30-Jun-97 05:24:36] Error: Unable to read from socket. Assuming server has died.
[30-Jun-97 05:24:36] Error: Unable to read from socket. Assuming server has died.
[30-Jun-97 05:24:36] Error: Unable to read from socket. Assuming server has died.
[30-Jun-97 05:24:36] Error: Unable to read from socket. Assuming server has died.
[30-Jun-97 05:24:36] Error: Unable to read from socket. Assuming server has died.
[30-Jun-97 05:24:36] Error: Unable to read from socket. Assuming server has died.
[30-Jun-97 05:24:36] Error: Unable to read from socket. Assuming server has died.
[30-Jun-97 05:24:36] Error: Unable to read from socket. Assuming server has died.
[30-Jun-97 05:24:36] Error: Unable to read from socket. Assuming server has died.
[30-Jun-97 05:24:36] Error: Unable to read from socket. Assuming server has died.
[30-Jun-97 05:24:36] Error: Unable to read from socket. Assuming server has died.
[30-Jun-97 05:24:36] Error: Unable to read from socket. Assuming server has died.
[30-Jun-97 05:24:36] Error: Unable to read from socket. Assuming server has died.
[30-Jun-97 05:24:36] Error: Unable to read from socket. Assuming server has died.
[30-Jun-97 05:24:36] Error: Unable to read from socket. Assuming server has died.
[30-Jun-97 05:24:36] Error: Unable to read from socket. Assuming server has died.
[30-Jun-97 05:24:37] Error: Unable to read from socket. Assuming server has died.
[30-Jun-97 05:24:37] Error: Unable to read from socket. Assuming server has died.
[30-Jun-97 05:24:37] Error: Unable to read from socket. Assuming server has died.
[30-Jun-97 05:24:37] Error: Unable to read from socket. Assuming server has died.
[30-Jun-97 05:24:37] Error: Unable to read from socket. Assuming server has died.
[30-Jun-97 05:24:37] Error: Unable to read from socket. Assuming server has died.
[30-Jun-97 05:24:37] Error: Unable to read from socket. Assuming server has died.
[30-Jun-97 05:24:37] Error: Unable to read from socket. Assuming server has died.
[30-Jun-97 05:24:37] Error: Unable to read from socket. Assuming server has died.
[30-Jun-97 05:24:37] Error: Unable to read from socket. Assuming server has died.
[30-Jun-97 05:24:37] Error: Unable to read from socket. Assuming server has died.
[30-Jun-97 05:24:37] Error: Unable to read from socket. Assuming server has died.
[30-Jun-97 05:24:37] Error: Unable to read from socket. Assuming server has died.
[30-Jun-97 05:24:37] Error: Unable to read from socket. Assuming server has died.
[30-Jun-97 05:24:37] Error: Unable to read from socket. Assuming server has died.
[30-Jun-97 05:24:37] Error: Unable to read from socket. Assuming server has died.
[30-Jun-97 05:24:37] Error: Unable to read from socket. Assuming server has died.
[30-Jun-97 05:24:38] Error: Unable to read from socket. Assuming server has died.
[30-Jun-97 05:24:38] Error: Unable to read from socket. Assuming server has died.
[30-Jun-97 05:24:38] Error: Unable to read from socket. Assuming server has died.
[30-Jun-97 05:24:38] Error: Unable to read from socket. Assuming server has died.
[30-Jun-97 05:24:38] Error: Unable to read from socket. Assuming server has died.
[30-Jun-97 05:24:38] Error: Unable to read from socket. Assuming server has died.
[30-Jun-97 05:24:38] Error: Unable to read from socket. Assuming server has died.
[30-Jun-97 05:24:38] Error: Unable to read from socket. Assuming server has died.
[30-Jun-97 05:24:38] Error: Unable to read from socket. Assuming server has died.
[30-Jun-97 05:24:38] Error: Unable to read from socket. Assuming server has died.
[30-Jun-97 05:24:38] Error: Unable to read from socket. Assuming server has died.
[30-Jun-97 05:24:38] Error: Unable to read from socket. Assuming server has died.
[30-Jun-97 05:24:38] Error: Unable to read from socket. Assuming server has died.
[30-Jun-97 05:24:38] Error: Unable to read from socket. Assuming server has died.
[30-Jun-97 05:24:38] Error: Unable to read from socket. Assuming server has died.
[30-Jun-97 05:24:39] Error: Unable to read from socket. Assuming server has died.
[30-Jun-97 05:24:39] Error: Unable to read from socket. Assuming server has died.
[30-Jun-97 05:24:39] Error: Unable to read from socket. Assuming server has died.
